15:53:19 Unable to upload exampledir\directory\subdirectory\anotherfile(An established connection was aborted by the software in your host machine)
15:53:19 Unable to upload exampledir\directory\subdirectory\fileinsubdirectory(An established connection was aborted by the software in your host machine)
15:53:19 Unable to upload exampledir\directory\subdirectory\n(An established connection was aborted by the software in your host machine)
15:53:19 Unable to upload exampledir\directory\subdirectory\ns(An established connection was aborted by the software in your host machine)
15:53:19 Unable to upload exampledir\example_file(An established connection was aborted by the software in your host machine)
15:53:19 Unable to upload exampledir\mcr\newfile.zip(An established connection was aborted by the software in your host machine)
15:53:19 Unable to upload exampledir\mcr\sweet_revenge\helena.mp3(An established connection was aborted by the software in your host machine)
15:53:19 Unable to upload exampledir\readme.txt(An established connection was aborted by the software in your host machine)
15:53:19 Unable clean remote directory (An established connection was aborted by the software in your host machine)
15:53:21 Unable to upload exampledir\directory\subdirectory\anotherfile(An established connection was aborted by the software in your host machine)
15:53:21 Unable to upload exampledir\directory\subdirectory\fileinsubdirectory(An established connection was aborted by the software in your host machine)
15:53:21 Unable to upload exampledir\directory\subdirectory\n(An established connection was aborted by the software in your host machine)
15:53:21 Unable to upload exampledir\directory\subdirectory\ns(An established connection was aborted by the software in your host machine)
15:53:21 Unable to upload exampledir\example_file(An established connection was aborted by the software in your host machine)
15:53:21 Unable to upload exampledir\mcr\newfile.zip(An established connection was aborted by the software in your host machine)
15:53:21 Unable to upload exampledir\mcr\sweet_revenge\helena.mp3(An established connection was aborted by the software in your host machine)
15:53:21 Unable to upload exampledir\readme.txt(An established connection was aborted by the software in your host machine)
15:53:21 Unable clean remote directory (An established connection was aborted by the software in your host machine)
15:53:23 Unable to upload exampledir\directory\subdirectory\anotherfile(An established connection was aborted by the software in your host machine)
15:53:23 Unable to upload exampledir\directory\subdirectory\fileinsubdirectory(An established connection was aborted by the software in your host machine)
15:53:23 Unable to upload exampledir\directory\subdirectory\n(An established connection was aborted by the software in your host machine)
15:53:23 Unable to upload exampledir\directory\subdirectory\ns(An established connection was aborted by the software in your host machine)
15:53:23 Unable to upload exampledir\example_file(An established connection was aborted by the software in your host machine)
15:53:23 Unable to upload exampledir\mcr\newfile.zip(An established connection was aborted by the software in your host machine)
15:53:23 Unable to upload exampledir\mcr\sweet_revenge\helena.mp3(An established connection was aborted by the software in your host machine)
15:53:23 Unable to upload exampledir\readme.txt(An established connection was aborted by the software in your host machine)
15:53:23 Unable clean remote directory (An established connection was aborted by the software in your host machine)
15:53:25 Unable to upload exampledir\directory\subdirectory\anotherfile(An established connection was aborted by the software in your host machine)
15:53:25 Unable to upload exampledir\directory\subdirectory\fileinsubdirectory(An established connection was aborted by the software in your host machine)
15:53:25 Unable to upload exampledir\directory\subdirectory\n(An established connection was aborted by the software in your host machine)
15:53:25 Unable to upload exampledir\directory\subdirectory\ns(An established connection was aborted by the software in your host machine)
15:53:25 Unable to upload exampledir\example_file(An established connection was aborted by the software in your host machine)
15:53:25 Unable to upload exampledir\mcr\newfile.zip(An established connection was aborted by the software in your host machine)
15:53:25 Unable to upload exampledir\mcr\sweet_revenge\helena.mp3(An established connection was aborted by the software in your host machine)
15:53:25 Unable to upload exampledir\readme.txt(An established connection was aborted by the software in your host machine)
15:53:25 Unable clean remote directory (An established connection was aborted by the software in your host machine)
15:53:27 Unable to upload exampledir\directory\subdirectory\anotherfile(An established connection was aborted by the software in your host machine)
15:53:27 Unable to upload exampledir\directory\subdirectory\fileinsubdirectory(An established connection was aborted by the software in your host machine)
15:53:27 Unable to upload exampledir\directory\subdirectory\n(An established connection was aborted by the software in your host machine)
15:53:27 Unable to upload exampledir\directory\subdirectory\ns(An established connection was aborted by the software in your host machine)
15:53:27 Unable to upload exampledir\example_file(An established connection was aborted by the software in your host machine)
15:53:27 Unable to upload exampledir\mcr\newfile.zip(An established connection was aborted by the software in your host machine)
15:53:27 Unable to upload exampledir\mcr\sweet_revenge\helena.mp3(An established connection was aborted by the software in your host machine)
15:53:27 Unable to upload exampledir\readme.txt(An established connection was aborted by the software in your host machine)
15:53:27 Unable clean remote directory (An established connection was aborted by the software in your host machine)
15:53:29 Unable to upload exampledir\directory\subdirectory\anotherfile(An established connection was aborted by the software in your host machine)
15:53:29 Unable to upload exampledir\directory\subdirectory\fileinsubdirectory(An established connection was aborted by the software in your host machine)
15:53:29 Unable to upload exampledir\directory\subdirectory\n(An established connection was aborted by the software in your host machine)
15:53:29 Unable to upload exampledir\directory\subdirectory\ns(An established connection was aborted by the software in your host machine)
15:53:29 Unable to upload exampledir\example_file(An established connection was aborted by the software in your host machine)
15:53:29 Unable to upload exampledir\mcr\newfile.zip(An established connection was aborted by the software in your host machine)
15:53:29 Unable to upload exampledir\mcr\sweet_revenge\helena.mp3(An established connection was aborted by the software in your host machine)
15:53:29 Unable to upload exampledir\readme.txt(An established connection was aborted by the software in your host machine)
15:53:29 Unable clean remote directory (An established connection was aborted by the software in your host machine)
15:53:31 Unable to upload exampledir\directory\subdirectory\anotherfile(An established connection was aborted by the software in your host machine)
15:53:31 Unable to upload exampledir\directory\subdirectory\fileinsubdirectory(An established connection was aborted by the software in your host machine)
15:53:31 Unable to upload exampledir\directory\subdirectory\n(An established connection was aborted by the software in your host machine)
15:53:31 Unable to upload exampledir\directory\subdirectory\ns(An established connection was aborted by the software in your host machine)
15:53:31 Unable to upload exampledir\example_file(An established connection was aborted by the software in your host machine)
15:53:31 Unable to upload exampledir\mcr\newfile.zip(An established connection was aborted by the software in your host machine)
15:53:31 Unable to upload exampledir\mcr\sweet_revenge\helena.mp3(An established connection was aborted by the software in your host machine)
15:53:31 Unable to upload exampledir\readme.txt(An established connection was aborted by the software in your host machine)
15:53:31 Unable clean remote directory (An established connection was aborted by the software in your host machine)
15:53:33 Unable to upload exampledir\directory\subdirectory\anotherfile(An established connection was aborted by the software in your host machine)
15:53:33 Unable to upload exampledir\directory\subdirectory\fileinsubdirectory(An established connection was aborted by the software in your host machine)
15:53:33 Unable to upload exampledir\directory\subdirectory\n(An established connection was aborted by the software in your host machine)
15:53:33 Unable to upload exampledir\directory\subdirectory\ns(An established connection was aborted by the software in your host machine)
15:53:33 Unable to upload exampledir\example_file(An established connection was aborted by the software in your host machine)
15:53:33 Unable to upload exampledir\mcr\newfile.zip(An established connection was aborted by the software in your host machine)
15:53:33 Unable to upload exampledir\mcr\sweet_revenge\helena.mp3(An established connection was aborted by the software in your host machine)
15:53:33 Unable to upload exampledir\readme.txt(An established connection was aborted by the software in your host machine)
15:53:33 Unable clean remote directory (An established connection was aborted by the software in your host machine)
15:53:35 Unable to upload exampledir\directory\subdirectory\anotherfile(An established connection was aborted by the software in your host machine)
15:53:35 Unable to upload exampledir\directory\subdirectory\fileinsubdirectory(An established connection was aborted by the software in your host machine)
15:53:35 Unable to upload exampledir\directory\subdirectory\n(An established connection was aborted by the software in your host machine)
15:53:35 Unable to upload exampledir\directory\subdirectory\ns(An established connection was aborted by the software in your host machine)
15:53:35 Unable to upload exampledir\example_file(An established connection was aborted by the software in your host machine)
15:53:35 Unable to upload exampledir\mcr\newfile.zip(An established connection was aborted by the software in your host machine)
15:53:35 Unable to upload exampledir\mcr\sweet_revenge\helena.mp3(An established connection was aborted by the software in your host machine)
15:53:35 Unable to upload exampledir\readme.txt(An established connection was aborted by the software in your host machine)
15:53:35 Unable clean remote directory (An established connection was aborted by the software in your host machine)
15:53:37 Unable to upload exampledir\directory\subdirectory\anotherfile(An established connection was aborted by the software in your host machine)
15:53:37 Unable to upload exampledir\directory\subdirectory\fileinsubdirectory(An established connection was aborted by the software in your host machine)
15:53:37 Unable to upload exampledir\directory\subdirectory\n(An established connection was aborted by the software in your host machine)
15:53:37 Unable to upload exampledir\directory\subdirectory\ns(An established connection was aborted by the software in your host machine)
15:53:37 Unable to upload exampledir\example_file(An established connection was aborted by the software in your host machine)
15:53:37 Unable to upload exampledir\mcr\newfile.zip(An established connection was aborted by the software in your host machine)
15:53:37 Unable to upload exampledir\mcr\sweet_revenge\helena.mp3(An established connection was aborted by the software in your host machine)
15:53:37 Unable to upload exampledir\readme.txt(An established connection was aborted by the software in your host machine)
15:53:37 Unable clean remote directory (An established connection was aborted by the software in your host machine)
15:53:39 Unable to upload exampledir\directory\subdirectory\anotherfile(An established connection was aborted by the software in your host machine)
15:53:39 Unable to upload exampledir\directory\subdirectory\fileinsubdirectory(An established connection was aborted by the software in your host machine)
15:53:39 Unable to upload exampledir\directory\subdirectory\n(An established connection was aborted by the software in your host machine)
15:53:39 Unable to upload exampledir\directory\subdirectory\ns(An established connection was aborted by the software in your host machine)
15:53:39 Unable to upload exampledir\example_file(An established connection was aborted by the software in your host machine)
15:53:39 Unable to upload exampledir\mcr\newfile.zip(An established connection was aborted by the software in your host machine)
15:53:39 Unable to upload exampledir\mcr\sweet_revenge\helena.mp3(An established connection was aborted by the software in your host machine)
15:53:39 Unable to upload exampledir\readme.txt(An established connection was aborted by the software in your host machine)
15:53:39 Unable clean remote directory (An established connection was aborted by the software in your host machine)
15:53:41 Unable to upload exampledir\directory\subdirectory\anotherfile(An established connection was aborted by the software in your host machine)
15:53:41 Unable to upload exampledir\directory\subdirectory\fileinsubdirectory(An established connection was aborted by the software in your host machine)
15:53:41 Unable to upload exampledir\directory\subdirectory\n(An established connection was aborted by the software in your host machine)
15:53:41 Unable to upload exampledir\directory\subdirectory\ns(An established connection was aborted by the software in your host machine)
15:53:41 Unable to upload exampledir\example_file(An established connection was aborted by the software in your host machine)
15:53:41 Unable to upload exampledir\mcr\newfile.zip(An established connection was aborted by the software in your host machine)
15:53:41 Unable to upload exampledir\mcr\sweet_revenge\helena.mp3(An established connection was aborted by the software in your host machine)
15:53:41 Unable to upload exampledir\readme.txt(An established connection was aborted by the software in your host machine)
15:53:41 Unable clean remote directory (An established connection was aborted by the software in your host machine)
15:53:43 Unable to upload exampledir\directory\subdirectory\anotherfile(An established connection was aborted by the software in your host machine)
15:53:43 Unable to upload exampledir\directory\subdirectory\fileinsubdirectory(An established connection was aborted by the software in your host machine)
15:53:43 Unable to upload exampledir\directory\subdirectory\n(An established connection was aborted by the software in your host machine)
15:53:43 Unable to upload exampledir\directory\subdirectory\ns(An established connection was aborted by the software in your host machine)
15:53:43 Unable to upload exampledir\example_file(An established connection was aborted by the software in your host machine)
15:53:43 Unable to upload exampledir\mcr\newfile.zip(An established connection was aborted by the software in your host machine)
15:53:43 Unable to upload exampledir\mcr\sweet_revenge\helena.mp3(An established connection was aborted by the software in your host machine)
15:53:43 Unable to upload exampledir\readme.txt(An established connection was aborted by the software in your host machine)
15:53:43 Unable clean remote directory (An established connection was aborted by the software in your host machine)
15:53:45 Unable to upload exampledir\directory\subdirectory\anotherfile(An established connection was aborted by the software in your host machine)
15:53:45 Unable to upload exampledir\directory\subdirectory\fileinsubdirectory(An established connection was aborted by the software in your host machine)
15:53:45 Unable to upload exampledir\directory\subdirectory\n(An established connection was aborted by the software in your host machine)
15:53:45 Unable to upload exampledir\directory\subdirectory\ns(An established connection was aborted by the software in your host machine)
15:53:45 Unable to upload exampledir\example_file(An established connection was aborted by the software in your host machine)
15:53:45 Unable to upload exampledir\mcr\newfile.zip(An established connection was aborted by the software in your host machine)
15:53:45 Unable to upload exampledir\mcr\sweet_revenge\helena.mp3(An established connection was aborted by the software in your host machine)
15:53:45 Unable to upload exampledir\readme.txt(An established connection was aborted by the software in your host machine)
15:53:45 Unable clean remote directory (An established connection was aborted by the software in your host machine)
15:53:47 Unable to upload exampledir\directory\subdirectory\anotherfile(An established connection was aborted by the software in your host machine)
15:53:47 Unable to upload exampledir\directory\subdirectory\fileinsubdirectory(An established connection was aborted by the software in your host machine)
15:53:47 Unable to upload exampledir\directory\subdirectory\n(An established connection was aborted by the software in your host machine)
15:53:47 Unable to upload exampledir\directory\subdirectory\ns(An established connection was aborted by the software in your host machine)
15:53:47 Unable to upload exampledir\example_file(An established connection was aborted by the software in your host machine)
15:53:47 Unable to upload exampledir\mcr\newfile.zip(An established connection was aborted by the software in your host machine)
15:53:47 Unable to upload exampledir\mcr\sweet_revenge\helena.mp3(An established connection was aborted by the software in your host machine)
15:53:47 Unable to upload exampledir\readme.txt(An established connection was aborted by the software in your host machine)
15:53:47 Unable clean remote directory (An established connection was aborted by the software in your host machine)
15:53:49 Unable to upload exampledir\directory\subdirectory\anotherfile(An established connection was aborted by the software in your host machine)
15:53:49 Unable to upload exampledir\directory\subdirectory\fileinsubdirectory(An established connection was aborted by the software in your host machine)
15:53:49 Unable to upload exampledir\directory\subdirectory\n(An established connection was aborted by the software in your host machine)
15:53:49 Unable to upload exampledir\directory\subdirectory\ns(An established connection was aborted by the software in your host machine)
15:53:49 Unable to upload exampledir\example_file(An established connection was aborted by the software in your host machine)
15:53:49 Unable to upload exampledir\mcr\newfile.zip(An established connection was aborted by the software in your host machine)
15:53:49 Unable to upload exampledir\mcr\sweet_revenge\helena.mp3(An established connection was aborted by the software in your host machine)
15:53:49 Unable to upload exampledir\readme.txt(An established connection was aborted by the software in your host machine)
15:53:49 Unable clean remote directory (An established connection was aborted by the software in your host machine)
15:53:51 Unable to upload exampledir\directory\subdirectory\anotherfile(An established connection was aborted by the software in your host machine)
15:53:51 Unable to upload exampledir\directory\subdirectory\fileinsubdirectory(An established connection was aborted by the software in your host machine)
15:53:51 Unable to upload exampledir\directory\subdirectory\n(An established connection was aborted by the software in your host machine)
15:53:51 Unable to upload exampledir\directory\subdirectory\ns(An established connection was aborted by the software in your host machine)
15:53:51 Unable to upload exampledir\example_file(An established connection was aborted by the software in your host machine)
15:53:51 Unable to upload exampledir\mcr\newfile.zip(An established connection was aborted by the software in your host machine)
15:53:51 Unable to upload exampledir\mcr\sweet_revenge\helena.mp3(An established connection was aborted by the software in your host machine)
15:53:51 Unable to upload exampledir\readme.txt(An established connection was aborted by the software in your host machine)
15:53:51 Unable clean remote directory (An established connection was aborted by the software in your host machine)
15:53:53 Unable to upload exampledir\directory\subdirectory\anotherfile(An established connection was aborted by the software in your host machine)
15:53:53 Unable to upload exampledir\directory\subdirectory\fileinsubdirectory(An established connection was aborted by the software in your host machine)
15:53:53 Unable to upload exampledir\directory\subdirectory\n(An established connection was aborted by the software in your host machine)
15:53:53 Unable to upload exampledir\directory\subdirectory\ns(An established connection was aborted by the software in your host machine)
15:53:53 Unable to upload exampledir\example_file(An established connection was aborted by the software in your host machine)
15:53:53 Unable to upload exampledir\mcr\newfile.zip(An established connection was aborted by the software in your host machine)
15:53:53 Unable to upload exampledir\mcr\sweet_revenge\helena.mp3(An established connection was aborted by the software in your host machine)
15:53:53 Unable to upload exampledir\readme.txt(An established connection was aborted by the software in your host machine)
15:53:53 Unable clean remote directory (An established connection was aborted by the software in your host machine)
15:53:55 Unable to upload exampledir\directory\subdirectory\anotherfile(An established connection was aborted by the software in your host machine)
15:53:55 Unable to upload exampledir\directory\subdirectory\fileinsubdirectory(An established connection was aborted by the software in your host machine)
15:53:55 Unable to upload exampledir\directory\subdirectory\n(An established connection was aborted by the software in your host machine)
15:53:55 Unable to upload exampledir\directory\subdirectory\ns(An established connection was aborted by the software in your host machine)
15:53:55 Unable to upload exampledir\example_file(An established connection was aborted by the software in your host machine)
15:53:55 Unable to upload exampledir\mcr\newfile.zip(An established connection was aborted by the software in your host machine)
15:53:55 Unable to upload exampledir\mcr\sweet_revenge\helena.mp3(An established connection was aborted by the software in your host machine)
15:53:55 Unable to upload exampledir\readme.txt(An established connection was aborted by the software in your host machine)
15:53:55 Unable clean remote directory (An established connection was aborted by the software in your host machine)
15:53:57 Unable to upload exampledir\directory\subdirectory\anotherfile(An established connection was aborted by the software in your host machine)
15:53:57 Unable to upload exampledir\directory\subdirectory\fileinsubdirectory(An established connection was aborted by the software in your host machine)
15:53:57 Unable to upload exampledir\directory\subdirectory\n(An established connection was aborted by the software in your host machine)
15:53:57 Unable to upload exampledir\directory\subdirectory\ns(An established connection was aborted by the software in your host machine)
15:53:57 Unable to upload exampledir\example_file(An established connection was aborted by the software in your host machine)
15:53:57 Unable to upload exampledir\mcr\newfile.zip(An established connection was aborted by the software in your host machine)
15:53:57 Unable to upload exampledir\mcr\sweet_revenge\helena.mp3(An established connection was aborted by the software in your host machine)
15:53:57 Unable to upload exampledir\readme.txt(An established connection was aborted by the software in your host machine)
15:53:57 Unable clean remote directory (An established connection was aborted by the software in your host machine)
15:53:59 Unable to upload exampledir\directory\subdirectory\anotherfile(An established connection was aborted by the software in your host machine)
15:53:59 Unable to upload exampledir\directory\subdirectory\fileinsubdirectory(An established connection was aborted by the software in your host machine)
15:53:59 Unable to upload exampledir\directory\subdirectory\n(An established connection was aborted by the software in your host machine)
15:53:59 Unable to upload exampledir\directory\subdirectory\ns(An established connection was aborted by the software in your host machine)
15:53:59 Unable to upload exampledir\example_file(An established connection was aborted by the software in your host machine)
15:53:59 Unable to upload exampledir\mcr\newfile.zip(An established connection was aborted by the software in your host machine)
15:53:59 Unable to upload exampledir\mcr\sweet_revenge\helena.mp3(An established connection was aborted by the software in your host machine)
15:53:59 Unable to upload exampledir\readme.txt(An established connection was aborted by the software in your host machine)
15:53:59 Unable clean remote directory (An established connection was aborted by the software in your host machine)
15:54:01 Unable to upload exampledir\directory\subdirectory\anotherfile(An established connection was aborted by the software in your host machine)
15:54:01 Unable to upload exampledir\directory\subdirectory\fileinsubdirectory(An established connection was aborted by the software in your host machine)
15:54:01 Unable to upload exampledir\directory\subdirectory\n(An established connection was aborted by the software in your host machine)
15:54:01 Unable to upload exampledir\directory\subdirectory\ns(An established connection was aborted by the software in your host machine)
15:54:01 Unable to upload exampledir\example_file(An established connection was aborted by the software in your host machine)
15:54:01 Unable to upload exampledir\mcr\newfile.zip(An established connection was aborted by the software in your host machine)
15:54:01 Unable to upload exampledir\mcr\sweet_revenge\helena.mp3(An established connection was aborted by the software in your host machine)
15:54:01 Unable to upload exampledir\readme.txt(An established connection was aborted by the software in your host machine)
15:54:01 Unable clean remote directory (An established connection was aborted by the software in your host machine)
15:54:03 Unable to upload exampledir\directory\subdirectory\anotherfile(An established connection was aborted by the software in your host machine)
15:54:03 Unable to upload exampledir\directory\subdirectory\fileinsubdirectory(An established connection was aborted by the software in your host machine)
15:54:03 Unable to upload exampledir\directory\subdirectory\n(An established connection was aborted by the software in your host machine)
15:54:03 Unable to upload exampledir\directory\subdirectory\ns(An established connection was aborted by the software in your host machine)
15:54:03 Unable to upload exampledir\example_file(An established connection was aborted by the software in your host machine)
15:54:03 Unable to upload exampledir\mcr\newfile.zip(An established connection was aborted by the software in your host machine)
15:54:03 Unable to upload exampledir\mcr\sweet_revenge\helena.mp3(An established connection was aborted by the software in your host machine)
15:54:03 Unable to upload exampledir\readme.txt(An established connection was aborted by the software in your host machine)
15:54:03 Unable clean remote directory (An established connection was aborted by the software in your host machine)
15:54:05 Unable to upload exampledir\directory\subdirectory\anotherfile(An established connection was aborted by the software in your host machine)
15:54:05 Unable to upload exampledir\directory\subdirectory\fileinsubdirectory(An established connection was aborted by the software in your host machine)
15:54:05 Unable to upload exampledir\directory\subdirectory\n(An established connection was aborted by the software in your host machine)
15:54:05 Unable to upload exampledir\directory\subdirectory\ns(An established connection was aborted by the software in your host machine)
15:54:05 Unable to upload exampledir\example_file(An established connection was aborted by the software in your host machine)
15:54:05 Unable to upload exampledir\mcr\newfile.zip(An established connection was aborted by the software in your host machine)
15:54:05 Unable to upload exampledir\mcr\sweet_revenge\helena.mp3(An established connection was aborted by the software in your host machine)
15:54:05 Unable to upload exampledir\readme.txt(An established connection was aborted by the software in your host machine)
15:54:05 Unable clean remote directory (An established connection was aborted by the software in your host machine)
15:54:07 Unable to upload exampledir\directory\subdirectory\anotherfile(An established connection was aborted by the software in your host machine)
15:54:07 Unable to upload exampledir\directory\subdirectory\fileinsubdirectory(An established connection was aborted by the software in your host machine)
15:54:07 Unable to upload exampledir\directory\subdirectory\n(An established connection was aborted by the software in your host machine)
15:54:07 Unable to upload exampledir\directory\subdirectory\ns(An established connection was aborted by the software in your host machine)
15:54:07 Unable to upload exampledir\example_file(An established connection was aborted by the software in your host machine)
15:54:07 Unable to upload exampledir\mcr\newfile.zip(An established connection was aborted by the software in your host machine)
15:54:07 Unable to upload exampledir\mcr\sweet_revenge\helena.mp3(An established connection was aborted by the software in your host machine)
15:54:07 Unable to upload exampledir\readme.txt(An established connection was aborted by the software in your host machine)
15:54:07 Unable clean remote directory (An established connection was aborted by the software in your host machine)
15:54:09 Unable to upload exampledir\directory\subdirectory\anotherfile(An established connection was aborted by the software in your host machine)
15:54:09 Unable to upload exampledir\directory\subdirectory\fileinsubdirectory(An established connection was aborted by the software in your host machine)
15:54:09 Unable to upload exampledir\directory\subdirectory\n(An established connection was aborted by the software in your host machine)
15:54:09 Unable to upload exampledir\directory\subdirectory\ns(An established connection was aborted by the software in your host machine)
15:54:09 Unable to upload exampledir\example_file(An established connection was aborted by the software in your host machine)
15:54:09 Unable to upload exampledir\mcr\newfile.zip(An established connection was aborted by the software in your host machine)
15:54:09 Unable to upload exampledir\mcr\sweet_revenge\helena.mp3(An established connection was aborted by the software in your host machine)
15:54:09 Unable to upload exampledir\readme.txt(An established connection was aborted by the software in your host machine)
15:54:09 Unable clean remote directory (An established connection was aborted by the software in your host machine)
15:54:11 Unable to upload exampledir\directory\subdirectory\anotherfile(An established connection was aborted by the software in your host machine)
15:54:11 Unable to upload exampledir\directory\subdirectory\fileinsubdirectory(An established connection was aborted by the software in your host machine)
15:54:11 Unable to upload exampledir\directory\subdirectory\n(An established connection was aborted by the software in your host machine)
15:54:11 Unable to upload exampledir\directory\subdirectory\ns(An established connection was aborted by the software in your host machine)
15:54:11 Unable to upload exampledir\example_file(An established connection was aborted by the software in your host machine)
15:54:11 Unable to upload exampledir\mcr\newfile.zip(An established connection was aborted by the software in your host machine)
15:54:11 Unable to upload exampledir\mcr\sweet_revenge\helena.mp3(An established connection was aborted by the software in your host machine)
15:54:11 Unable to upload exampledir\readme.txt(An established connection was aborted by the software in your host machine)
15:54:11 Unable clean remote directory (An established connection was aborted by the software in your host machine)
15:54:13 Unable to upload exampledir\directory\subdirectory\anotherfile(An established connection was aborted by the software in your host machine)
15:54:13 Unable to upload exampledir\directory\subdirectory\fileinsubdirectory(An established connection was aborted by the software in your host machine)
15:54:13 Unable to upload exampledir\directory\subdirectory\n(An established connection was aborted by the software in your host machine)
15:54:13 Unable to upload exampledir\directory\subdirectory\ns(An established connection was aborted by the software in your host machine)
15:54:13 Unable to upload exampledir\example_file(An established connection was aborted by the software in your host machine)
15:54:13 Unable to upload exampledir\mcr\newfile.zip(An established connection was aborted by the software in your host machine)
15:54:13 Unable to upload exampledir\mcr\sweet_revenge\helena.mp3(An established connection was aborted by the software in your host machine)
15:54:13 Unable to upload exampledir\readme.txt(An established connection was aborted by the software in your host machine)
15:54:13 Unable clean remote directory (An established connection was aborted by the software in your host machine)
15:54:15 Unable to upload exampledir\directory\subdirectory\anotherfile(An established connection was aborted by the software in your host machine)
15:54:15 Unable to upload exampledir\directory\subdirectory\fileinsubdirectory(An established connection was aborted by the software in your host machine)
15:54:15 Unable to upload exampledir\directory\subdirectory\n(An established connection was aborted by the software in your host machine)
15:54:15 Unable to upload exampledir\directory\subdirectory\ns(An established connection was aborted by the software in your host machine)
15:54:15 Unable to upload exampledir\example_file(An established connection was aborted by the software in your host machine)
15:54:15 Unable to upload exampledir\mcr\newfile.zip(An established connection was aborted by the software in your host machine)
15:54:15 Unable to upload exampledir\mcr\sweet_revenge\helena.mp3(An established connection was aborted by the software in your host machine)
15:54:15 Unable to upload exampledir\readme.txt(An established connection was aborted by the software in your host machine)
15:54:15 Unable clean remote directory (An established connection was aborted by the software in your host machine)
15:54:17 Unable to upload exampledir\directory\subdirectory\anotherfile(An established connection was aborted by the software in your host machine)
15:54:17 Unable to upload exampledir\directory\subdirectory\fileinsubdirectory(An established connection was aborted by the software in your host machine)
15:54:17 Unable to upload exampledir\directory\subdirectory\n(An established connection was aborted by the software in your host machine)
15:54:17 Unable to upload exampledir\directory\subdirectory\ns(An established connection was aborted by the software in your host machine)
15:54:17 Unable to upload exampledir\example_file(An established connection was aborted by the software in your host machine)
15:54:17 Unable to upload exampledir\mcr\newfile.zip(An established connection was aborted by the software in your host machine)
15:54:17 Unable to upload exampledir\mcr\sweet_revenge\helena.mp3(An established connection was aborted by the software in your host machine)
15:54:17 Unable to upload exampledir\readme.txt(An established connection was aborted by the software in your host machine)
15:54:17 Unable clean remote directory (An established connection was aborted by the software in your host machine)
15:54:19 Unable to upload exampledir\directory\subdirectory\anotherfile(An established connection was aborted by the software in your host machine)
15:54:19 Unable to upload exampledir\directory\subdirectory\fileinsubdirectory(An established connection was aborted by the software in your host machine)
15:54:19 Unable to upload exampledir\directory\subdirectory\n(An established connection was aborted by the software in your host machine)
15:54:19 Unable to upload exampledir\directory\subdirectory\ns(An established connection was aborted by the software in your host machine)
15:54:19 Unable to upload exampledir\example_file(An established connection was aborted by the software in your host machine)
15:54:19 Unable to upload exampledir\mcr\newfile.zip(An established connection was aborted by the software in your host machine)
15:54:19 Unable to upload exampledir\mcr\sweet_revenge\helena.mp3(An established connection was aborted by the software in your host machine)
15:54:19 Unable to upload exampledir\readme.txt(An established connection was aborted by the software in your host machine)
15:54:19 Unable clean remote directory (An established connection was aborted by the software in your host machine)
15:54:21 Unable to upload exampledir\directory\subdirectory\anotherfile(An established connection was aborted by the software in your host machine)
15:54:21 Unable to upload exampledir\directory\subdirectory\fileinsubdirectory(An established connection was aborted by the software in your host machine)
15:54:21 Unable to upload exampledir\directory\subdirectory\n(An established connection was aborted by the software in your host machine)
15:54:21 Unable to upload exampledir\directory\subdirectory\ns(An established connection was aborted by the software in your host machine)
15:54:21 Unable to upload exampledir\example_file(An established connection was aborted by the software in your host machine)
15:54:21 Unable to upload exampledir\mcr\newfile.zip(An established connection was aborted by the software in your host machine)
15:54:21 Unable to upload exampledir\mcr\sweet_revenge\helena.mp3(An established connection was aborted by the software in your host machine)
15:54:21 Unable to upload exampledir\readme.txt(An established connection was aborted by the software in your host machine)
15:54:21 Unable clean remote directory (An established connection was aborted by the software in your host machine)
15:54:23 Unable to upload exampledir\directory\subdirectory\anotherfile(An established connection was aborted by the software in your host machine)
15:54:23 Unable to upload exampledir\directory\subdirectory\fileinsubdirectory(An established connection was aborted by the software in your host machine)
15:54:23 Unable to upload exampledir\directory\subdirectory\n(An established connection was aborted by the software in your host machine)
15:54:23 Unable to upload exampledir\directory\subdirectory\ns(An established connection was aborted by the software in your host machine)
15:54:23 Unable to upload exampledir\example_file(An established connection was aborted by the software in your host machine)
15:54:23 Unable to upload exampledir\mcr\newfile.zip(An established connection was aborted by the software in your host machine)
15:54:23 Unable to upload exampledir\mcr\sweet_revenge\helena.mp3(An established connection was aborted by the software in your host machine)
15:54:23 Unable to upload exampledir\readme.txt(An established connection was aborted by the software in your host machine)
15:54:23 Unable clean remote directory (An established connection was aborted by the software in your host machine)
15:54:25 Unable to upload exampledir\directory\subdirectory\anotherfile(An established connection was aborted by the software in your host machine)
15:54:25 Unable to upload exampledir\directory\subdirectory\fileinsubdirectory(An established connection was aborted by the software in your host machine)
15:54:25 Unable to upload exampledir\directory\subdirectory\n(An established connection was aborted by the software in your host machine)
15:54:25 Unable to upload exampledir\directory\subdirectory\ns(An established connection was aborted by the software in your host machine)
15:54:25 Unable to upload exampledir\example_file(An established connection was aborted by the software in your host machine)
15:54:25 Unable to upload exampledir\mcr\newfile.zip(An established connection was aborted by the software in your host machine)
15:54:25 Unable to upload exampledir\mcr\sweet_revenge\helena.mp3(An established connection was aborted by the software in your host machine)
15:54:25 Unable to upload exampledir\readme.txt(An established connection was aborted by the software in your host machine)
15:54:25 Unable clean remote directory (An established connection was aborted by the software in your host machine)
15:55:42 Unable to upload exampledir\directory\subdirectory\anotherfile(An established connection was aborted by the software in your host machine)
15:55:42 Unable to upload exampledir\directory\subdirectory\fileinsubdirectory(An established connection was aborted by the software in your host machine)
15:55:42 Unable to upload exampledir\directory\subdirectory\n(An established connection was aborted by the software in your host machine)
15:55:42 Unable to upload exampledir\directory\subdirectory\ns(An established connection was aborted by the software in your host machine)
15:55:42 Unable to upload exampledir\example_file(An established connection was aborted by the software in your host machine)
15:55:42 Unable to upload exampledir\mcr\newfile.zip(An established connection was aborted by the software in your host machine)
15:55:42 Unable to upload exampledir\mcr\sweet_revenge\helena.mp3(An established connection was aborted by the software in your host machine)
15:55:42 Unable to upload exampledir\readme.txt(An established connection was aborted by the software in your host machine)
15:55:42 Unable to clean remote directory (An established connection was aborted by the software in your host machine)
15:55:44 Unable to upload exampledir\directory\subdirectory\anotherfile(An established connection was aborted by the software in your host machine)
15:55:44 Unable to upload exampledir\directory\subdirectory\fileinsubdirectory(An established connection was aborted by the software in your host machine)
15:55:44 Unable to upload exampledir\directory\subdirectory\n(An established connection was aborted by the software in your host machine)
15:55:44 Unable to upload exampledir\directory\subdirectory\ns(An established connection was aborted by the software in your host machine)
15:55:44 Unable to upload exampledir\example_file(An established connection was aborted by the software in your host machine)
15:55:44 Unable to upload exampledir\mcr\newfile.zip(An established connection was aborted by the software in your host machine)
15:55:44 Unable to upload exampledir\mcr\sweet_revenge\helena.mp3(An established connection was aborted by the software in your host machine)
15:55:44 Unable to upload exampledir\readme.txt(An established connection was aborted by the software in your host machine)
15:55:44 Unable to clean remote directory (An established connection was aborted by the software in your host machine)
15:55:46 Unable to upload exampledir\directory\subdirectory\anotherfile(An established connection was aborted by the software in your host machine)
15:55:46 Unable to upload exampledir\directory\subdirectory\fileinsubdirectory(An established connection was aborted by the software in your host machine)
15:55:46 Unable to upload exampledir\directory\subdirectory\n(An established connection was aborted by the software in your host machine)
15:55:46 Unable to upload exampledir\directory\subdirectory\ns(An established connection was aborted by the software in your host machine)
15:55:46 Unable to upload exampledir\example_file(An established connection was aborted by the software in your host machine)
15:55:46 Unable to upload exampledir\mcr\newfile.zip(An established connection was aborted by the software in your host machine)
15:55:46 Unable to upload exampledir\mcr\sweet_revenge\helena.mp3(An established connection was aborted by the software in your host machine)
15:55:46 Unable to upload exampledir\readme.txt(An established connection was aborted by the software in your host machine)
15:55:46 Unable to clean remote directory (An established connection was aborted by the software in your host machine)
15:55:48 Unable to upload exampledir\directory\subdirectory\anotherfile(An established connection was aborted by the software in your host machine)
15:55:48 Unable to upload exampledir\directory\subdirectory\fileinsubdirectory(An established connection was aborted by the software in your host machine)
15:55:48 Unable to upload exampledir\directory\subdirectory\n(An established connection was aborted by the software in your host machine)
15:55:48 Unable to upload exampledir\directory\subdirectory\ns(An established connection was aborted by the software in your host machine)
15:55:48 Unable to upload exampledir\example_file(An established connection was aborted by the software in your host machine)
15:55:48 Unable to upload exampledir\mcr\newfile.zip(An established connection was aborted by the software in your host machine)
15:55:48 Unable to upload exampledir\mcr\sweet_revenge\helena.mp3(An established connection was aborted by the software in your host machine)
15:55:48 Unable to upload exampledir\readme.txt(An established connection was aborted by the software in your host machine)
15:55:48 Unable to clean remote directory (An established connection was aborted by the software in your host machine)
16:01:25 Unable to upload exampledir\directory\subdirectory\anotherfile(An established connection was aborted by the software in your host machine)
16:01:25 Unable to upload exampledir\directory\subdirectory\fileinsubdirectory(An established connection was aborted by the software in your host machine)
16:01:25 Unable to upload exampledir\directory\subdirectory\n(An established connection was aborted by the software in your host machine)
16:01:25 Unable to upload exampledir\directory\subdirectory\ns(An established connection was aborted by the software in your host machine)
16:01:25 Unable to upload exampledir\example_file(An established connection was aborted by the software in your host machine)
16:01:25 Unable to upload exampledir\mcr\newfile.zip(An established connection was aborted by the software in your host machine)
16:01:25 Unable to upload exampledir\mcr\sweet_revenge\helena.mp3(An established connection was aborted by the software in your host machine)
16:01:25 Unable to upload exampledir\readme.txt(An established connection was aborted by the software in your host machine)
16:01:25 Unable to clean remote directory (An established connection was aborted by the software in your host machine)
16:01:25 Connection lost (An established connection was aborted by the software in your host machine)
